{"D:\\project\\obvious\\src\\lib\\bus.ts": {"path":"D:\\project\\obvious\\src\\lib\\bus.ts","statementMap":{"0":{"start":{"line":1,"column":0},"end":{"line":1,"column":47}},"1":{"start":{"line":2,"column":0},"end":{"line":2,"column":34}},"2":{"start":{"line":3,"column":0},"end":{"line":3,"column":41}},"3":{"start":{"line":18,"column":0},"end":{"line":18,"column":13}},"4":{"start":{"line":28,"column":4},"end":{"line":28,"column":16}},"5":{"start":{"line":28,"column":16},"end":{"line":28,"column":47}},"6":{"start":{"line":20,"column":12},"end":{"line":20,"column":60}},"7":{"start":{"line":21,"column":12},"end":{"line":21,"column":32}},"8":{"start":{"line":23,"column":12},"end":{"line":23,"column":32}},"9":{"start":{"line":24,"column":12},"end":{"line":24,"column":38}},"10":{"start":{"line":29,"column":8},"end":{"line":29,"column":29}},"11":{"start":{"line":30,"column":8},"end":{"line":30,"column":37}},"12":{"start":{"line":31,"column":8},"end":{"line":36,"column":11}},"13":{"start":{"line":34,"column":16},"end":{"line":34,"column":51}},"14":{"start":{"line":39,"column":12},"end":{"line":41,"column":null}},"15":{"start":{"line":40,"column":8},"end":{"line":40,"column":48}},"16":{"start":{"line":43,"column":18},"end":{"line":47,"column":null}},"17":{"start":{"line":44,"column":20},"end":{"line":44,"column":null}},"18":{"start":{"line":44,"column":14},"end":{"line":44,"column":null}},"19":{"start":{"line":45,"column":21},"end":{"line":45,"column":null}},"20":{"start":{"line":45,"column":14},"end":{"line":45,"column":null}},"21":{"start":{"line":46,"column":8},"end":{"line":46,"column":19}},"22":{"start":{"line":49,"column":12},"end":{"line":55,"column":null}},"23":{"start":{"line":50,"column":21},"end":{"line":50,"column":51}},"24":{"start":{"line":51,"column":8},"end":{"line":51,"column":32}},"25":{"start":{"line":52,"column":8},"end":{"line":52,"column":31}},"26":{"start":{"line":53,"column":8},"end":{"line":53,"column":25}},"27":{"start":{"line":54,"column":8},"end":{"line":54,"column":40}},"28":{"start":{"line":57,"column":18},"end":{"line":81,"column":null}},"29":{"start":{"line":58,"column":14},"end":{"line":58,"column":35}},"30":{"start":{"line":59,"column":12},"end":{"line":59,"column":18}},"31":{"start":{"line":61,"column":12},"end":{"line":67,"column":15}},"32":{"start":{"line":62,"column":16},"end":{"line":66,"column":null}},"33":{"start":{"line":63,"column":20},"end":{"line":63,"column":40}},"34":{"start":{"line":65,"column":20},"end":{"line":65,"column":75}},"35":{"start":{"line":69,"column":15},"end":{"line":69,"column":21}},"36":{"start":{"line":70,"column":49},"end":{"line":70,"column":null}},"37":{"start":{"line":70,"column":34},"end":{"line":70,"column":null}},"38":{"start":{"line":70,"column":25},"end":{"line":70,"column":34}},"39":{"start":{"line":71,"column":23},"end":{"line":71,"column":24}},"40":{"start":{"line":72,"column":24},"end":{"line":72,"column":49}},"41":{"start":{"line":74,"column":24},"end":{"line":74,"column":79}},"42":{"start":{"line":79,"column":12},"end":{"line":79,"column":88}},"43":{"start":{"line":83,"column":11},"end":{"line":88,"column":null}},"44":{"start":{"line":84,"column":8},"end":{"line":86,"column":null}},"45":{"start":{"line":85,"column":12},"end":{"line":85,"column":38}},"46":{"start":{"line":87,"column":8},"end":{"line":87,"column":20}},"47":{"start":{"line":94,"column":11},"end":{"line":130,"column":null}},"48":{"start":{"line":94,"column":4},"end":{"line":94,"column":11}},"49":{"start":{"line":94,"column":122},"end":{"line":94,"column":null}},"50":{"start":{"line":95,"column":8},"end":{"line":97,"column":null}},"51":{"start":{"line":96,"column":12},"end":{"line":96,"column":112}},"52":{"start":{"line":100,"column":8},"end":{"line":102,"column":11}},"53":{"start":{"line":101,"column":12},"end":{"line":101,"column":56}},"54":{"start":{"line":104,"column":8},"end":{"line":129,"column":null}},"55":{"start":{"line":105,"column":27},"end":{"line":105,"column":75}},"56":{"start":{"line":106,"column":12},"end":{"line":106,"column":40}},"57":{"start":{"line":107,"column":12},"end":{"line":107,"column":48}},"58":{"start":{"line":109,"column":27},"end":{"line":114,"column":23}},"59":{"start":{"line":110,"column":16},"end":{"line":110,"column":37}},"60":{"start":{"line":111,"column":28},"end":{"line":111,"column":145}},"61":{"start":{"line":113,"column":16},"end":{"line":113,"column":35}},"62":{"start":{"line":115,"column":41},"end":{"line":127,"column":13}},"63":{"start":{"line":116,"column":30},"end":{"line":116,"column":61}},"64":{"start":{"line":117,"column":16},"end":{"line":119,"column":null}},"65":{"start":{"line":118,"column":20},"end":{"line":118,"column":50}},"66":{"start":{"line":120,"column":16},"end":{"line":126,"column":null}},"67":{"start":{"line":121,"column":20},"end":{"line":121,"column":41}},"68":{"start":{"line":122,"column":20},"end":{"line":122,"column":98}},"69":{"start":{"line":123,"column":35},"end":{"line":123,"column":83}},"70":{"start":{"line":124,"column":20},"end":{"line":124,"column":48}},"71":{"start":{"line":125,"column":20},"end":{"line":125,"column":56}},"72":{"start":{"line":128,"column":12},"end":{"line":128,"column":87}},"73":{"start":{"line":132,"column":17},"end":{"line":148,"column":null}},"74":{"start":{"line":132,"column":46},"end":{"line":132,"column":null}},"75":{"start":{"line":133,"column":11},"end":{"line":133,"column":15}},"76":{"start":{"line":134,"column":12},"end":{"line":134,"column":108}},"77":{"start":{"line":136,"column":12},"end":{"line":136,"column":45}},"78":{"start":{"line":138,"column":19},"end":{"line":138,"column":23}},"79":{"start":{"line":139,"column":20},"end":{"line":139,"column":81}},"80":{"start":{"line":141,"column":20},"end":{"line":141,"column":70}},"81":{"start":{"line":144,"column":16},"end":{"line":144,"column":47}},"82":{"start":{"line":145,"column":16},"end":{"line":145,"column":28}},"83":{"start":{"line":149,"column":0},"end":{"line":149,"column":null}},"84":{"start":{"line":18,"column":13},"end":{"line":18,"column":16}}},"fnMap":{"0":{"name":"(anonymous_0)","decl":{"start":{"line":18,"column":0},"end":{"line":18,"column":13}},"loc":{"start":{"line":18,"column":0},"end":{"line":149,"column":null}}},"1":{"name":"Bus","decl":{"start":{"line":28,"column":4},"end":{"line":28,"column":16}},"loc":{"start":{"line":28,"column":74},"end":{"line":37,"column":5}}},"2":{"name":"(anonymous_2)","decl":{"start":{"line":33,"column":17},"end":{"line":33,"column":null}},"loc":{"start":{"line":33,"column":17},"end":{"line":35,"column":13}}},"3":{"name":"(anonymous_3)","decl":{"start":{"line":39,"column":4},"end":{"line":39,"column":12}},"loc":{"start":{"line":39,"column":40},"end":{"line":41,"column":5}}},"4":{"name":"(anonymous_4)","decl":{"start":{"line":43,"column":4},"end":{"line":43,"column":18}},"loc":{"start":{"line":43,"column":36},"end":{"line":47,"column":null}}},"5":{"name":"(anonymous_7)","decl":{"start":{"line":49,"column":4},"end":{"line":49,"column":12}},"loc":{"start":{"line":49,"column":32},"end":{"line":55,"column":5}}},"6":{"name":"(anonymous_8)","decl":{"start":{"line":57,"column":4},"end":{"line":57,"column":18}},"loc":{"start":{"line":57,"column":57},"end":{"line":81,"column":null}}},"7":{"name":"(anonymous_11)","decl":{"start":{"line":61,"column":57},"end":{"line":61,"column":58}},"loc":{"start":{"line":61,"column":71},"end":{"line":67,"column":13}}},"8":{"name":"(anonymous_12)","decl":{"start":{"line":83,"column":4},"end":{"line":83,"column":11}},"loc":{"start":{"line":83,"column":33},"end":{"line":88,"column":5}}},"9":{"name":"(anonymous_13)","decl":{"start":{"line":94,"column":4},"end":{"line":94,"column":11}},"loc":{"start":{"line":94,"column":139},"end":{"line":130,"column":5}}},"10":{"name":"(anonymous_14)","decl":{"start":{"line":100,"column":43},"end":{"line":100,"column":44}},"loc":{"start":{"line":100,"column":61},"end":{"line":102,"column":9}}},"11":{"name":"(anonymous_15)","decl":{"start":{"line":109,"column":38},"end":{"line":109,"column":null}},"loc":{"start":{"line":109,"column":38},"end":{"line":114,"column":13}}},"12":{"name":"(anonymous_16)","decl":{"start":{"line":115,"column":41},"end":{"line":115,"column":42}},"loc":{"start":{"line":115,"column":59},"end":{"line":127,"column":13}}},"13":{"name":"(anonymous_17)","decl":{"start":{"line":132,"column":4},"end":{"line":132,"column":17}},"loc":{"start":{"line":132,"column":59},"end":{"line":148,"column":null}}}},"branchMap":{"0":{"loc":{"start":{"line":28,"column":16},"end":{"line":28,"column":47}},"type":"if","locations":[{"start":{"line":28,"column":16},"end":{"line":28,"column":47}},{"start":{"line":28,"column":16},"end":{"line":28,"column":47}}]},"1":{"loc":{"start":{"line":44,"column":20},"end":{"line":44,"column":null}},"type":"switch","locations":[{"start":{"line":44,"column":20},"end":{"line":44,"column":null}}]},"2":{"loc":{"start":{"line":79,"column":12},"end":{"line":79,"column":88}},"type":"switch","locations":[{"start":{"line":79,"column":12},"end":{"line":79,"column":88}}]},"3":{"loc":{"start":{"line":59,"column":12},"end":{"line":59,"column":18}},"type":"if","locations":[{"start":{"line":59,"column":12},"end":{"line":59,"column":18}},{"start":{"line":59,"column":12},"end":{"line":59,"column":18}}]},"4":{"loc":{"start":{"line":61,"column":12},"end":{"line":61,"column":28}},"type":"binary-expr","locations":[{"start":{"line":61,"column":12},"end":{"line":61,"column":28}},{"start":{"line":61,"column":32},"end":{"line":67,"column":14}}]},"5":{"loc":{"start":{"line":62,"column":16},"end":{"line":66,"column":null}},"type":"if","locations":[{"start":{"line":62,"column":16},"end":{"line":66,"column":null}},{"start":{"line":62,"column":16},"end":{"line":66,"column":null}}]},"6":{"loc":{"start":{"line":69,"column":15},"end":{"line":69,"column":21}},"type":"if","locations":[{"start":{"line":69,"column":15},"end":{"line":69,"column":21}},{"start":{"line":69,"column":15},"end":{"line":69,"column":21}}]},"7":{"loc":{"start":{"line":70,"column":34},"end":{"line":70,"column":null}},"type":"if","locations":[{"start":{"line":70,"column":34},"end":{"line":70,"column":null}},{"start":{"line":70,"column":34},"end":{"line":70,"column":null}}]},"8":{"loc":{"start":{"line":71,"column":23},"end":{"line":71,"column":24}},"type":"if","locations":[{"start":{"line":71,"column":23},"end":{"line":71,"column":24}},{"start":{"line":71,"column":23},"end":{"line":71,"column":24}}]},"9":{"loc":{"start":{"line":84,"column":8},"end":{"line":86,"column":null}},"type":"if","locations":[{"start":{"line":84,"column":8},"end":{"line":86,"column":null}},{"start":{"line":84,"column":8},"end":{"line":86,"column":null}}]},"10":{"loc":{"start":{"line":94,"column":122},"end":{"line":94,"column":null}},"type":"if","locations":[{"start":{"line":94,"column":122},"end":{"line":94,"column":null}},{"start":{"line":94,"column":122},"end":{"line":94,"column":null}}]},"11":{"loc":{"start":{"line":95,"column":8},"end":{"line":97,"column":null}},"type":"if","locations":[{"start":{"line":95,"column":8},"end":{"line":97,"column":null}},{"start":{"line":95,"column":8},"end":{"line":97,"column":null}}]},"12":{"loc":{"start":{"line":104,"column":8},"end":{"line":129,"column":null}},"type":"if","locations":[{"start":{"line":104,"column":8},"end":{"line":129,"column":null}},{"start":{"line":104,"column":8},"end":{"line":129,"column":null}}]},"13":{"loc":{"start":{"line":117,"column":16},"end":{"line":119,"column":null}},"type":"if","locations":[{"start":{"line":117,"column":16},"end":{"line":119,"column":null}},{"start":{"line":117,"column":16},"end":{"line":119,"column":null}}]},"14":{"loc":{"start":{"line":120,"column":16},"end":{"line":126,"column":null}},"type":"if","locations":[{"start":{"line":120,"column":16},"end":{"line":126,"column":null}},{"start":{"line":120,"column":16},"end":{"line":126,"column":null}}]},"15":{"loc":{"start":{"line":132,"column":46},"end":{"line":132,"column":null}},"type":"if","locations":[{"start":{"line":132,"column":46},"end":{"line":132,"column":null}},{"start":{"line":132,"column":46},"end":{"line":132,"column":null}}]},"16":{"loc":{"start":{"line":141,"column":20},"end":{"line":141,"column":70}},"type":"switch","locations":[{"start":{"line":141,"column":20},"end":{"line":141,"column":70}}]},"17":{"loc":{"start":{"line":133,"column":11},"end":{"line":133,"column":15}},"type":"if","locations":[{"start":{"line":133,"column":11},"end":{"line":133,"column":15}},{"start":{"line":133,"column":11},"end":{"line":133,"column":15}}]},"18":{"loc":{"start":{"line":134,"column":12},"end":{"line":134,"column":18}},"type":"binary-expr","locations":[{"start":{"line":134,"column":12},"end":{"line":134,"column":18}},{"start":{"line":134,"column":22},"end":{"line":134,"column":107}}]},"19":{"loc":{"start":{"line":138,"column":19},"end":{"line":138,"column":23}},"type":"if","locations":[{"start":{"line":138,"column":19},"end":{"line":138,"column":23}},{"start":{"line":138,"column":19},"end":{"line":138,"column":23}}]}},"s":{"0":3,"1":3,"2":3,"3":3,"4":3,"5":6,"6":3,"7":3,"8":3,"9":3,"10":3,"11":3,"12":3,"13":1,"14":3,"15":12,"16":3,"17":0,"18":0,"19":0,"20":0,"21":0,"22":3,"23":0,"24":0,"25":0,"26":0,"27":0,"28":3,"29":0,"30":0,"31":0,"32":0,"33":0,"34":0,"35":0,"36":0,"37":0,"38":0,"39":0,"40":0,"41":0,"42":0,"43":3,"44":2,"45":2,"46":0,"47":3,"48":10,"49":18,"50":10,"51":1,"52":9,"53":8,"54":9,"55":7,"56":7,"57":7,"58":2,"59":1,"60":1,"61":1,"62":2,"63":1,"64":1,"65":1,"66":1,"67":1,"68":1,"69":1,"70":1,"71":1,"72":2,"73":3,"74":0,"75":0,"76":0,"77":0,"78":0,"79":0,"80":0,"81":0,"82":0,"83":3,"84":3},"f":{"0":3,"1":3,"2":1,"3":12,"4":0,"5":0,"6":0,"7":0,"8":2,"9":10,"10":8,"11":1,"12":1,"13":0},"b":{"0":[3,0],"1":[0],"2":[0],"3":[0,0],"4":[0,0],"5":[0,0],"6":[0,0],"7":[0,0],"8":[0,0],"9":[2,0],"10":[8,2],"11":[1,9],"12":[7,2],"13":[1,0],"14":[1,0],"15":[0,0],"16":[0],"17":[0,0],"18":[0,0],"19":[0,0]}}
,"D:\\project\\obvious\\src\\lib\\event-emitter.ts": {"path":"D:\\project\\obvious\\src\\lib\\event-emitter.ts","statementMap":{"0":{"start":{"line":7,"column":0},"end":{"line":7,"column":13}},"1":{"start":{"line":9,"column":12},"end":{"line":13,"column":null}},"2":{"start":{"line":15,"column":11},"end":{"line":18,"column":null}},"3":{"start":{"line":16,"column":8},"end":{"line":16,"column":54}},"4":{"start":{"line":17,"column":8},"end":{"line":17,"column":42}},"5":{"start":{"line":20,"column":11},"end":{"line":40,"column":null}},"6":{"start":{"line":21,"column":34},"end":{"line":21,"column":52}},"7":{"start":{"line":22,"column":8},"end":{"line":39,"column":null}},"8":{"start":{"line":23,"column":30},"end":{"line":23,"column":32}},"9":{"start":{"line":24,"column":12},"end":{"line":29,"column":null}},"10":{"start":{"line":24,"column":24},"end":{"line":24,"column":25}},"11":{"start":{"line":25,"column":16},"end":{"line":28,"column":null}},"12":{"start":{"line":26,"column":20},"end":{"line":26,"column":36}},"13":{"start":{"line":27,"column":20},"end":{"line":27,"column":26}},"14":{"start":{"line":30,"column":12},"end":{"line":35,"column":null}},"15":{"start":{"line":31,"column":16},"end":{"line":31,"column":57}},"16":{"start":{"line":33,"column":28},"end":{"line":33,"column":132}},"17":{"start":{"line":34,"column":16},"end":{"line":34,"column":37}},"18":{"start":{"line":37,"column":24},"end":{"line":37,"column":135}},"19":{"start":{"line":38,"column":12},"end":{"line":38,"column":33}},"20":{"start":{"line":42,"column":11},"end":{"line":51,"column":null}},"21":{"start":{"line":42,"column":31},"end":{"line":42,"column":45}},"22":{"start":{"line":43,"column":34},"end":{"line":43,"column":52}},"23":{"start":{"line":44,"column":8},"end":{"line":50,"column":null}},"24":{"start":{"line":45,"column":12},"end":{"line":47,"column":15}},"25":{"start":{"line":46,"column":16},"end":{"line":46,"column":28}},"26":{"start":{"line":49,"column":12},"end":{"line":49,"column":110}},"27":{"start":{"line":52,"column":0},"end":{"line":52,"column":null}},"28":{"start":{"line":7,"column":13},"end":{"line":7,"column":25}}},"fnMap":{"0":{"name":"(anonymous_0)","decl":{"start":{"line":7,"column":0},"end":{"line":7,"column":13}},"loc":{"start":{"line":7,"column":0},"end":{"line":52,"column":null}}},"1":{"name":"(anonymous_2)","decl":{"start":{"line":10,"column":27},"end":{"line":10,"column":null}},"loc":{"start":{"line":10,"column":27},"end":{"line":12,"column":9}}},"2":{"name":"(anonymous_3)","decl":{"start":{"line":15,"column":4},"end":{"line":15,"column":11}},"loc":{"start":{"line":15,"column":65},"end":{"line":18,"column":5}}},"3":{"name":"(anonymous_4)","decl":{"start":{"line":20,"column":4},"end":{"line":20,"column":11}},"loc":{"start":{"line":20,"column":68},"end":{"line":40,"column":5}}},"4":{"name":"(anonymous_5)","decl":{"start":{"line":42,"column":4},"end":{"line":42,"column":11}},"loc":{"start":{"line":42,"column":29},"end":{"line":51,"column":5}}},"5":{"name":"(anonymous_6)","decl":{"start":{"line":45,"column":38},"end":{"line":45,"column":39}},"loc":{"start":{"line":45,"column":41},"end":{"line":47,"column":13}}}},"branchMap":{"0":{"loc":{"start":{"line":16,"column":29},"end":{"line":16,"column":47}},"type":"binary-expr","locations":[{"start":{"line":16,"column":29},"end":{"line":16,"column":47}},{"start":{"line":16,"column":51},"end":{"line":16,"column":53}}]},"1":{"loc":{"start":{"line":22,"column":8},"end":{"line":39,"column":null}},"type":"if","locations":[{"start":{"line":22,"column":8},"end":{"line":39,"column":null}},{"start":{"line":22,"column":8},"end":{"line":39,"column":null}}]},"2":{"loc":{"start":{"line":25,"column":16},"end":{"line":28,"column":null}},"type":"if","locations":[{"start":{"line":25,"column":16},"end":{"line":28,"column":null}},{"start":{"line":25,"column":16},"end":{"line":28,"column":null}}]},"3":{"loc":{"start":{"line":30,"column":12},"end":{"line":35,"column":null}},"type":"if","locations":[{"start":{"line":30,"column":12},"end":{"line":35,"column":null}},{"start":{"line":30,"column":12},"end":{"line":35,"column":null}}]},"4":{"loc":{"start":{"line":44,"column":8},"end":{"line":50,"column":null}},"type":"if","locations":[{"start":{"line":44,"column":8},"end":{"line":50,"column":null}},{"start":{"line":44,"column":8},"end":{"line":50,"column":null}}]},"5":{"loc":{"start":{"line":44,"column":11},"end":{"line":44,"column":28}},"type":"binary-expr","locations":[{"start":{"line":44,"column":11},"end":{"line":44,"column":28}},{"start":{"line":44,"column":32},"end":{"line":44,"column":62}}]}},"s":{"0":4,"1":4,"2":4,"3":11,"4":11,"5":4,"6":6,"7":6,"8":5,"9":5,"10":5,"11":6,"12":4,"13":4,"14":5,"15":4,"16":1,"17":1,"18":1,"19":1,"20":4,"21":40,"22":13,"23":13,"24":11,"25":13,"26":2,"27":4,"28":4},"f":{"0":8,"1":6,"2":11,"3":6,"4":13,"5":13},"b":{"0":[11,8],"1":[5,1],"2":[4,2],"3":[4,1],"4":[11,2],"5":[13,13]}}
,"D:\\project\\obvious\\src\\lib\\socket.ts": {"path":"D:\\project\\obvious\\src\\lib\\socket.ts","statementMap":{"0":{"start":{"line":3,"column":0},"end":{"line":3,"column":41}},"1":{"start":{"line":5,"column":0},"end":{"line":5,"column":13}},"2":{"start":{"line":12,"column":8},"end":{"line":12,"column":41}},"3":{"start":{"line":13,"column":8},"end":{"line":13,"column":25}},"4":{"start":{"line":14,"column":8},"end":{"line":14,"column":29}},"5":{"start":{"line":17,"column":4},"end":{"line":19,"column":null}},"6":{"start":{"line":18,"column":8},"end":{"line":18,"column":64}},"7":{"start":{"line":21,"column":4},"end":{"line":23,"column":null}},"8":{"start":{"line":22,"column":8},"end":{"line":22,"column":67}},"9":{"start":{"line":25,"column":4},"end":{"line":27,"column":null}},"10":{"start":{"line":25,"column":28},"end":{"line":25,"column":42}},"11":{"start":{"line":26,"column":8},"end":{"line":26,"column":51}},"12":{"start":{"line":29,"column":4},"end":{"line":46,"column":null}},"13":{"start":{"line":29,"column":39},"end":{"line":29,"column":null}},"14":{"start":{"line":30,"column":8},"end":{"line":45,"column":null}},"15":{"start":{"line":31,"column":24},"end":{"line":31,"column":100}},"16":{"start":{"line":32,"column":12},"end":{"line":32,"column":34}},"17":{"start":{"line":33,"column":15},"end":{"line":45,"column":null}},"18":{"start":{"line":34,"column":24},"end":{"line":34,"column":117}},"19":{"start":{"line":35,"column":12},"end":{"line":35,"column":34}},"20":{"start":{"line":37,"column":12},"end":{"line":40,"column":14}},"21":{"start":{"line":41,"column":12},"end":{"line":43,"column":15}},"22":{"start":{"line":44,"column":12},"end":{"line":44,"column":45}},"23":{"start":{"line":48,"column":4},"end":{"line":52,"column":null}},"24":{"start":{"line":49,"column":28},"end":{"line":49,"column":55}},"25":{"start":{"line":50,"column":28},"end":{"line":50,"column":39}},"26":{"start":{"line":51,"column":8},"end":{"line":51,"column":38}},"27":{"start":{"line":54,"column":4},"end":{"line":67,"column":null}},"28":{"start":{"line":55,"column":8},"end":{"line":58,"column":null}},"29":{"start":{"line":56,"column":24},"end":{"line":56,"column":116}},"30":{"start":{"line":57,"column":12},"end":{"line":57,"column":33}},"31":{"start":{"line":59,"column":27},"end":{"line":59,"column":55}},"32":{"start":{"line":60,"column":8},"end":{"line":63,"column":null}},"33":{"start":{"line":61,"column":24},"end":{"line":61,"column":99}},"34":{"start":{"line":62,"column":12},"end":{"line":62,"column":33}},"35":{"start":{"line":64,"column":25},"end":{"line":64,"column":53}},"36":{"start":{"line":65,"column":8},"end":{"line":65,"column":48}},"37":{"start":{"line":66,"column":8},"end":{"line":66,"column":68}},"38":{"start":{"line":69,"column":4},"end":{"line":75,"column":null}},"39":{"start":{"line":70,"column":8},"end":{"line":73,"column":null}},"40":{"start":{"line":71,"column":24},"end":{"line":71,"column":118}},"41":{"start":{"line":72,"column":12},"end":{"line":72,"column":33}},"42":{"start":{"line":74,"column":8},"end":{"line":74,"column":83}},"43":{"start":{"line":77,"column":4},"end":{"line":83,"column":null}},"44":{"start":{"line":78,"column":8},"end":{"line":81,"column":null}},"45":{"start":{"line":79,"column":24},"end":{"line":79,"column":120}},"46":{"start":{"line":80,"column":12},"end":{"line":80,"column":33}},"47":{"start":{"line":82,"column":8},"end":{"line":82,"column":86}},"48":{"start":{"line":84,"column":0},"end":{"line":84,"column":null}},"49":{"start":{"line":5,"column":13},"end":{"line":5,"column":19}}},"fnMap":{"0":{"name":"(anonymous_0)","decl":{"start":{"line":5,"column":0},"end":{"line":5,"column":13}},"loc":{"start":{"line":5,"column":0},"end":{"line":84,"column":null}}},"1":{"name":"Socket","decl":{"start":{"line":11,"column":4},"end":{"line":11,"column":16}},"loc":{"start":{"line":11,"column":72},"end":{"line":15,"column":5}}},"2":{"name":"(anonymous_2)","decl":{"start":{"line":17,"column":4},"end":{"line":17,"column":6}},"loc":{"start":{"line":17,"column":48},"end":{"line":19,"column":5}}},"3":{"name":"(anonymous_3)","decl":{"start":{"line":21,"column":4},"end":{"line":21,"column":7}},"loc":{"start":{"line":21,"column":49},"end":{"line":23,"column":5}}},"4":{"name":"(anonymous_4)","decl":{"start":{"line":25,"column":4},"end":{"line":25,"column":8}},"loc":{"start":{"line":25,"column":26},"end":{"line":27,"column":5}}},"5":{"name":"(anonymous_5)","decl":{"start":{"line":29,"column":4},"end":{"line":29,"column":13}},"loc":{"start":{"line":29,"column":65},"end":{"line":46,"column":5}}},"6":{"name":"(anonymous_6)","decl":{"start":{"line":41,"column":44},"end":{"line":41,"column":null}},"loc":{"start":{"line":41,"column":44},"end":{"line":43,"column":13}}},"7":{"name":"(anonymous_7)","decl":{"start":{"line":48,"column":4},"end":{"line":48,"column":12}},"loc":{"start":{"line":48,"column":30},"end":{"line":52,"column":5}}},"8":{"name":"(anonymous_8)","decl":{"start":{"line":54,"column":4},"end":{"line":54,"column":12}},"loc":{"start":{"line":54,"column":45},"end":{"line":67,"column":5}}},"9":{"name":"(anonymous_9)","decl":{"start":{"line":69,"column":4},"end":{"line":69,"column":14}},"loc":{"start":{"line":69,"column":83},"end":{"line":75,"column":5}}},"10":{"name":"(anonymous_10)","decl":{"start":{"line":77,"column":4},"end":{"line":77,"column":16}},"loc":{"start":{"line":77,"column":84},"end":{"line":83,"column":5}}}},"branchMap":{"0":{"loc":{"start":{"line":29,"column":39},"end":{"line":29,"column":null}},"type":"if","locations":[{"start":{"line":29,"column":39},"end":{"line":29,"column":null}},{"start":{"line":29,"column":39},"end":{"line":29,"column":null}}]},"1":{"loc":{"start":{"line":30,"column":8},"end":{"line":45,"column":null}},"type":"if","locations":[{"start":{"line":30,"column":8},"end":{"line":45,"column":null}},{"start":{"line":30,"column":8},"end":{"line":45,"column":null}}]},"2":{"loc":{"start":{"line":33,"column":15},"end":{"line":45,"column":null}},"type":"if","locations":[{"start":{"line":33,"column":15},"end":{"line":45,"column":null}},{"start":{"line":33,"column":15},"end":{"line":45,"column":null}}]},"3":{"loc":{"start":{"line":39,"column":35},"end":{"line":39,"column":39}},"type":"cond-expr","locations":[{"start":{"line":39,"column":35},"end":{"line":39,"column":39}},{"start":{"line":39,"column":42},"end":{"line":39,"column":46}}]},"4":{"loc":{"start":{"line":55,"column":8},"end":{"line":58,"column":null}},"type":"if","locations":[{"start":{"line":55,"column":8},"end":{"line":58,"column":null}},{"start":{"line":55,"column":8},"end":{"line":58,"column":null}}]},"5":{"loc":{"start":{"line":60,"column":8},"end":{"line":63,"column":null}},"type":"if","locations":[{"start":{"line":60,"column":8},"end":{"line":63,"column":null}},{"start":{"line":60,"column":8},"end":{"line":63,"column":null}}]},"6":{"loc":{"start":{"line":60,"column":12},"end":{"line":60,"column":31}},"type":"binary-expr","locations":[{"start":{"line":60,"column":12},"end":{"line":60,"column":31}},{"start":{"line":60,"column":35},"end":{"line":60,"column":54}}]},"7":{"loc":{"start":{"line":70,"column":8},"end":{"line":73,"column":null}},"type":"if","locations":[{"start":{"line":70,"column":8},"end":{"line":73,"column":null}},{"start":{"line":70,"column":8},"end":{"line":73,"column":null}}]},"8":{"loc":{"start":{"line":78,"column":8},"end":{"line":81,"column":null}},"type":"if","locations":[{"start":{"line":78,"column":8},"end":{"line":81,"column":null}},{"start":{"line":78,"column":8},"end":{"line":81,"column":null}}]}},"s":{"0":3,"1":3,"2":8,"3":8,"4":8,"5":3,"6":7,"7":3,"8":1,"9":3,"10":35,"11":11,"12":3,"13":15,"14":8,"15":1,"16":1,"17":7,"18":1,"19":1,"20":6,"21":6,"22":6,"23":3,"24":6,"25":6,"26":6,"27":3,"28":5,"29":1,"30":1,"31":4,"32":4,"33":1,"34":1,"35":3,"36":3,"37":3,"38":3,"39":2,"40":1,"41":1,"42":1,"43":3,"44":2,"45":1,"46":1,"47":1,"48":3,"49":3},"f":{"0":3,"1":8,"2":7,"3":1,"4":11,"5":8,"6":3,"7":6,"8":5,"9":2,"10":2},"b":{"0":[7,1],"1":[1,7],"2":[1,6],"3":[1,5],"4":[1,4],"5":[1,3],"6":[4,3],"7":[1,1],"8":[1,1]}}
,"D:\\project\\obvious\\src\\lib\\utils.ts": {"path":"D:\\project\\obvious\\src\\lib\\utils.ts","statementMap":{"0":{"start":{"line":1,"column":13},"end":{"line":7,"column":2}},"1":{"start":{"line":2,"column":24},"end":{"line":2,"column":26}},"2":{"start":{"line":3,"column":4},"end":{"line":5,"column":7}},"3":{"start":{"line":4,"column":8},"end":{"line":4,"column":44}},"4":{"start":{"line":6,"column":4},"end":{"line":6,"column":51}}},"fnMap":{"0":{"name":"(anonymous_0)","decl":{"start":{"line":1,"column":30},"end":{"line":1,"column":31}},"loc":{"start":{"line":1,"column":44},"end":{"line":7,"column":1}}},"1":{"name":"(anonymous_1)","decl":{"start":{"line":3,"column":31},"end":{"line":3,"column":32}},"loc":{"start":{"line":3,"column":35},"end":{"line":5,"column":5}}}},"branchMap":{},"s":{"0":3,"1":7,"2":7,"3":15,"4":7},"f":{"0":7,"1":15},"b":{}}
}
