{"D:\\project\\obvious\\src\\index.ts": {"path":"D:\\project\\obvious\\src\\index.ts","statementMap":{"0":{"start":{"line":1,"column":0},"end":{"line":1,"column":9}},"1":{"start":{"line":1,"column":9},"end":{"line":1,"column":51}},"2":{"start":{"line":2,"column":0},"end":{"line":2,"column":9}},"3":{"start":{"line":2,"column":9},"end":{"line":2,"column":44}},"4":{"start":{"line":3,"column":0},"end":{"line":3,"column":9}},"5":{"start":{"line":3,"column":9},"end":{"line":3,"column":32}}},"fnMap":{},"branchMap":{},"s":{"0":3,"1":3,"2":3,"3":3,"4":3,"5":3},"f":{},"b":{}}
,"D:\\project\\obvious\\src\\lib\\bus.ts": {"path":"D:\\project\\obvious\\src\\lib\\bus.ts","statementMap":{"0":{"start":{"line":1,"column":0},"end":{"line":1,"column":47}},"1":{"start":{"line":2,"column":0},"end":{"line":2,"column":34}},"2":{"start":{"line":3,"column":0},"end":{"line":3,"column":41}},"3":{"start":{"line":18,"column":0},"end":{"line":18,"column":13}},"4":{"start":{"line":28,"column":4},"end":{"line":28,"column":16}},"5":{"start":{"line":28,"column":16},"end":{"line":28,"column":47}},"6":{"start":{"line":20,"column":12},"end":{"line":20,"column":60}},"7":{"start":{"line":21,"column":12},"end":{"line":21,"column":32}},"8":{"start":{"line":23,"column":12},"end":{"line":23,"column":32}},"9":{"start":{"line":24,"column":12},"end":{"line":24,"column":38}},"10":{"start":{"line":29,"column":8},"end":{"line":29,"column":29}},"11":{"start":{"line":30,"column":8},"end":{"line":30,"column":37}},"12":{"start":{"line":31,"column":8},"end":{"line":36,"column":11}},"13":{"start":{"line":32,"column":23},"end":{"line":32,"column":null}},"14":{"start":{"line":34,"column":16},"end":{"line":34,"column":67}},"15":{"start":{"line":39,"column":12},"end":{"line":41,"column":null}},"16":{"start":{"line":40,"column":8},"end":{"line":40,"column":48}},"17":{"start":{"line":43,"column":18},"end":{"line":47,"column":null}},"18":{"start":{"line":44,"column":20},"end":{"line":44,"column":null}},"19":{"start":{"line":44,"column":14},"end":{"line":44,"column":null}},"20":{"start":{"line":45,"column":21},"end":{"line":45,"column":null}},"21":{"start":{"line":45,"column":14},"end":{"line":45,"column":null}},"22":{"start":{"line":46,"column":8},"end":{"line":46,"column":19}},"23":{"start":{"line":49,"column":12},"end":{"line":55,"column":null}},"24":{"start":{"line":50,"column":21},"end":{"line":50,"column":51}},"25":{"start":{"line":51,"column":8},"end":{"line":51,"column":32}},"26":{"start":{"line":52,"column":8},"end":{"line":52,"column":31}},"27":{"start":{"line":53,"column":8},"end":{"line":53,"column":25}},"28":{"start":{"line":54,"column":8},"end":{"line":54,"column":40}},"29":{"start":{"line":57,"column":18},"end":{"line":81,"column":null}},"30":{"start":{"line":58,"column":14},"end":{"line":58,"column":35}},"31":{"start":{"line":59,"column":12},"end":{"line":59,"column":18}},"32":{"start":{"line":61,"column":12},"end":{"line":67,"column":15}},"33":{"start":{"line":62,"column":16},"end":{"line":66,"column":null}},"34":{"start":{"line":63,"column":20},"end":{"line":63,"column":40}},"35":{"start":{"line":65,"column":20},"end":{"line":65,"column":75}},"36":{"start":{"line":69,"column":15},"end":{"line":69,"column":21}},"37":{"start":{"line":70,"column":49},"end":{"line":70,"column":null}},"38":{"start":{"line":70,"column":34},"end":{"line":70,"column":null}},"39":{"start":{"line":70,"column":25},"end":{"line":70,"column":34}},"40":{"start":{"line":71,"column":23},"end":{"line":71,"column":24}},"41":{"start":{"line":72,"column":24},"end":{"line":72,"column":49}},"42":{"start":{"line":74,"column":24},"end":{"line":74,"column":79}},"43":{"start":{"line":79,"column":12},"end":{"line":79,"column":88}},"44":{"start":{"line":88,"column":11},"end":{"line":93,"column":null}},"45":{"start":{"line":89,"column":8},"end":{"line":91,"column":null}},"46":{"start":{"line":90,"column":12},"end":{"line":90,"column":38}},"47":{"start":{"line":92,"column":8},"end":{"line":92,"column":20}},"48":{"start":{"line":102,"column":11},"end":{"line":137,"column":null}},"49":{"start":{"line":102,"column":4},"end":{"line":102,"column":11}},"50":{"start":{"line":102,"column":122},"end":{"line":102,"column":null}},"51":{"start":{"line":103,"column":8},"end":{"line":105,"column":null}},"52":{"start":{"line":104,"column":12},"end":{"line":104,"column":112}},"53":{"start":{"line":108,"column":8},"end":{"line":110,"column":11}},"54":{"start":{"line":109,"column":12},"end":{"line":109,"column":56}},"55":{"start":{"line":112,"column":8},"end":{"line":136,"column":null}},"56":{"start":{"line":113,"column":27},"end":{"line":113,"column":75}},"57":{"start":{"line":114,"column":12},"end":{"line":114,"column":40}},"58":{"start":{"line":115,"column":12},"end":{"line":115,"column":48}},"59":{"start":{"line":117,"column":27},"end":{"line":121,"column":23}},"60":{"start":{"line":118,"column":16},"end":{"line":118,"column":37}},"61":{"start":{"line":119,"column":28},"end":{"line":119,"column":145}},"62":{"start":{"line":120,"column":16},"end":{"line":120,"column":35}},"63":{"start":{"line":122,"column":41},"end":{"line":134,"column":13}},"64":{"start":{"line":123,"column":30},"end":{"line":123,"column":61}},"65":{"start":{"line":124,"column":16},"end":{"line":126,"column":null}},"66":{"start":{"line":125,"column":20},"end":{"line":125,"column":50}},"67":{"start":{"line":127,"column":16},"end":{"line":133,"column":null}},"68":{"start":{"line":128,"column":20},"end":{"line":128,"column":41}},"69":{"start":{"line":129,"column":20},"end":{"line":129,"column":98}},"70":{"start":{"line":130,"column":35},"end":{"line":130,"column":83}},"71":{"start":{"line":131,"column":20},"end":{"line":131,"column":48}},"72":{"start":{"line":132,"column":20},"end":{"line":132,"column":56}},"73":{"start":{"line":135,"column":12},"end":{"line":135,"column":87}},"74":{"start":{"line":144,"column":17},"end":{"line":160,"column":null}},"75":{"start":{"line":144,"column":46},"end":{"line":144,"column":null}},"76":{"start":{"line":145,"column":11},"end":{"line":145,"column":15}},"77":{"start":{"line":146,"column":12},"end":{"line":146,"column":108}},"78":{"start":{"line":148,"column":12},"end":{"line":148,"column":45}},"79":{"start":{"line":150,"column":19},"end":{"line":150,"column":23}},"80":{"start":{"line":151,"column":20},"end":{"line":151,"column":81}},"81":{"start":{"line":153,"column":20},"end":{"line":153,"column":70}},"82":{"start":{"line":156,"column":16},"end":{"line":156,"column":47}},"83":{"start":{"line":157,"column":16},"end":{"line":157,"column":28}},"84":{"start":{"line":161,"column":0},"end":{"line":161,"column":null}},"85":{"start":{"line":18,"column":13},"end":{"line":18,"column":16}}},"fnMap":{"0":{"name":"(anonymous_0)","decl":{"start":{"line":18,"column":0},"end":{"line":18,"column":13}},"loc":{"start":{"line":18,"column":0},"end":{"line":161,"column":null}}},"1":{"name":"Bus","decl":{"start":{"line":28,"column":4},"end":{"line":28,"column":16}},"loc":{"start":{"line":28,"column":74},"end":{"line":37,"column":5}}},"2":{"name":"(anonymous_2)","decl":{"start":{"line":32,"column":17},"end":{"line":32,"column":23}},"loc":{"start":{"line":32,"column":17},"end":{"line":32,"column":37}}},"3":{"name":"(anonymous_3)","decl":{"start":{"line":33,"column":17},"end":{"line":33,"column":null}},"loc":{"start":{"line":33,"column":17},"end":{"line":35,"column":13}}},"4":{"name":"(anonymous_4)","decl":{"start":{"line":39,"column":4},"end":{"line":39,"column":12}},"loc":{"start":{"line":39,"column":40},"end":{"line":41,"column":5}}},"5":{"name":"(anonymous_5)","decl":{"start":{"line":43,"column":4},"end":{"line":43,"column":18}},"loc":{"start":{"line":43,"column":36},"end":{"line":47,"column":null}}},"6":{"name":"(anonymous_8)","decl":{"start":{"line":49,"column":4},"end":{"line":49,"column":12}},"loc":{"start":{"line":49,"column":32},"end":{"line":55,"column":5}}},"7":{"name":"(anonymous_9)","decl":{"start":{"line":57,"column":4},"end":{"line":57,"column":18}},"loc":{"start":{"line":57,"column":57},"end":{"line":81,"column":null}}},"8":{"name":"(anonymous_12)","decl":{"start":{"line":61,"column":57},"end":{"line":61,"column":58}},"loc":{"start":{"line":61,"column":71},"end":{"line":67,"column":13}}},"9":{"name":"(anonymous_13)","decl":{"start":{"line":88,"column":4},"end":{"line":88,"column":11}},"loc":{"start":{"line":88,"column":33},"end":{"line":93,"column":5}}},"10":{"name":"(anonymous_14)","decl":{"start":{"line":102,"column":4},"end":{"line":102,"column":11}},"loc":{"start":{"line":102,"column":139},"end":{"line":137,"column":5}}},"11":{"name":"(anonymous_15)","decl":{"start":{"line":108,"column":43},"end":{"line":108,"column":44}},"loc":{"start":{"line":108,"column":61},"end":{"line":110,"column":9}}},"12":{"name":"(anonymous_16)","decl":{"start":{"line":117,"column":38},"end":{"line":117,"column":null}},"loc":{"start":{"line":117,"column":38},"end":{"line":121,"column":13}}},"13":{"name":"(anonymous_17)","decl":{"start":{"line":122,"column":41},"end":{"line":122,"column":42}},"loc":{"start":{"line":122,"column":59},"end":{"line":134,"column":13}}},"14":{"name":"(anonymous_18)","decl":{"start":{"line":144,"column":4},"end":{"line":144,"column":17}},"loc":{"start":{"line":144,"column":59},"end":{"line":160,"column":null}}}},"branchMap":{"0":{"loc":{"start":{"line":28,"column":16},"end":{"line":28,"column":47}},"type":"if","locations":[{"start":{"line":28,"column":16},"end":{"line":28,"column":47}},{"start":{"line":28,"column":16},"end":{"line":28,"column":47}}]},"1":{"loc":{"start":{"line":44,"column":20},"end":{"line":44,"column":null}},"type":"switch","locations":[{"start":{"line":44,"column":20},"end":{"line":44,"column":null}}]},"2":{"loc":{"start":{"line":79,"column":12},"end":{"line":79,"column":88}},"type":"switch","locations":[{"start":{"line":79,"column":12},"end":{"line":79,"column":88}}]},"3":{"loc":{"start":{"line":59,"column":12},"end":{"line":59,"column":18}},"type":"if","locations":[{"start":{"line":59,"column":12},"end":{"line":59,"column":18}},{"start":{"line":59,"column":12},"end":{"line":59,"column":18}}]},"4":{"loc":{"start":{"line":61,"column":12},"end":{"line":61,"column":28}},"type":"binary-expr","locations":[{"start":{"line":61,"column":12},"end":{"line":61,"column":28}},{"start":{"line":61,"column":32},"end":{"line":67,"column":14}}]},"5":{"loc":{"start":{"line":62,"column":16},"end":{"line":66,"column":null}},"type":"if","locations":[{"start":{"line":62,"column":16},"end":{"line":66,"column":null}},{"start":{"line":62,"column":16},"end":{"line":66,"column":null}}]},"6":{"loc":{"start":{"line":69,"column":15},"end":{"line":69,"column":21}},"type":"if","locations":[{"start":{"line":69,"column":15},"end":{"line":69,"column":21}},{"start":{"line":69,"column":15},"end":{"line":69,"column":21}}]},"7":{"loc":{"start":{"line":70,"column":34},"end":{"line":70,"column":null}},"type":"if","locations":[{"start":{"line":70,"column":34},"end":{"line":70,"column":null}},{"start":{"line":70,"column":34},"end":{"line":70,"column":null}}]},"8":{"loc":{"start":{"line":71,"column":23},"end":{"line":71,"column":24}},"type":"if","locations":[{"start":{"line":71,"column":23},"end":{"line":71,"column":24}},{"start":{"line":71,"column":23},"end":{"line":71,"column":24}}]},"9":{"loc":{"start":{"line":89,"column":8},"end":{"line":91,"column":null}},"type":"if","locations":[{"start":{"line":89,"column":8},"end":{"line":91,"column":null}},{"start":{"line":89,"column":8},"end":{"line":91,"column":null}}]},"10":{"loc":{"start":{"line":102,"column":122},"end":{"line":102,"column":null}},"type":"if","locations":[{"start":{"line":102,"column":122},"end":{"line":102,"column":null}},{"start":{"line":102,"column":122},"end":{"line":102,"column":null}}]},"11":{"loc":{"start":{"line":103,"column":8},"end":{"line":105,"column":null}},"type":"if","locations":[{"start":{"line":103,"column":8},"end":{"line":105,"column":null}},{"start":{"line":103,"column":8},"end":{"line":105,"column":null}}]},"12":{"loc":{"start":{"line":112,"column":8},"end":{"line":136,"column":null}},"type":"if","locations":[{"start":{"line":112,"column":8},"end":{"line":136,"column":null}},{"start":{"line":112,"column":8},"end":{"line":136,"column":null}}]},"13":{"loc":{"start":{"line":124,"column":16},"end":{"line":126,"column":null}},"type":"if","locations":[{"start":{"line":124,"column":16},"end":{"line":126,"column":null}},{"start":{"line":124,"column":16},"end":{"line":126,"column":null}}]},"14":{"loc":{"start":{"line":127,"column":16},"end":{"line":133,"column":null}},"type":"if","locations":[{"start":{"line":127,"column":16},"end":{"line":133,"column":null}},{"start":{"line":127,"column":16},"end":{"line":133,"column":null}}]},"15":{"loc":{"start":{"line":144,"column":46},"end":{"line":144,"column":null}},"type":"if","locations":[{"start":{"line":144,"column":46},"end":{"line":144,"column":null}},{"start":{"line":144,"column":46},"end":{"line":144,"column":null}}]},"16":{"loc":{"start":{"line":153,"column":20},"end":{"line":153,"column":70}},"type":"switch","locations":[{"start":{"line":153,"column":20},"end":{"line":153,"column":70}}]},"17":{"loc":{"start":{"line":145,"column":11},"end":{"line":145,"column":15}},"type":"if","locations":[{"start":{"line":145,"column":11},"end":{"line":145,"column":15}},{"start":{"line":145,"column":11},"end":{"line":145,"column":15}}]},"18":{"loc":{"start":{"line":146,"column":12},"end":{"line":146,"column":18}},"type":"binary-expr","locations":[{"start":{"line":146,"column":12},"end":{"line":146,"column":18}},{"start":{"line":146,"column":22},"end":{"line":146,"column":107}}]},"19":{"loc":{"start":{"line":150,"column":19},"end":{"line":150,"column":23}},"type":"if","locations":[{"start":{"line":150,"column":19},"end":{"line":150,"column":23}},{"start":{"line":150,"column":19},"end":{"line":150,"column":23}}]}},"s":{"0":4,"1":4,"2":4,"3":4,"4":5,"5":8,"6":5,"7":5,"8":5,"9":5,"10":5,"11":5,"12":5,"13":1,"14":1,"15":4,"16":16,"17":4,"18":2,"19":2,"20":2,"21":2,"22":2,"23":4,"24":2,"25":2,"26":2,"27":2,"28":2,"29":4,"30":1,"31":1,"32":1,"33":1,"34":1,"35":0,"36":1,"37":2,"38":3,"39":1,"40":1,"41":2,"42":0,"43":0,"44":4,"45":2,"46":2,"47":0,"48":4,"49":12,"50":22,"51":12,"52":1,"53":11,"54":8,"55":11,"56":9,"57":9,"58":9,"59":2,"60":1,"61":1,"62":1,"63":2,"64":1,"65":1,"66":1,"67":1,"68":1,"69":1,"70":1,"71":1,"72":1,"73":2,"74":4,"75":2,"76":4,"77":0,"78":2,"79":3,"80":2,"81":2,"82":0,"83":0,"84":4,"85":4},"f":{"0":4,"1":5,"2":1,"3":1,"4":16,"5":2,"6":2,"7":1,"8":1,"9":2,"10":12,"11":8,"12":1,"13":1,"14":2},"b":{"0":[3,2],"1":[2],"2":[0],"3":[0,1],"4":[1,1],"5":[1,0],"6":[0,1],"7":[1,1],"8":[0,1],"9":[2,0],"10":[10,2],"11":[1,11],"12":[9,2],"13":[1,0],"14":[1,0],"15":[0,2],"16":[1],"17":[2,0],"18":[0,0],"19":[1,1]}}
,"D:\\project\\obvious\\src\\lib\\createBus.ts": {"path":"D:\\project\\obvious\\src\\lib\\createBus.ts","statementMap":{"0":{"start":{"line":1,"column":0},"end":{"line":1,"column":60}},"1":{"start":{"line":9,"column":17},"end":{"line":9,"column":19}},"2":{"start":{"line":10,"column":13},"end":{"line":22,"column":2}},"3":{"start":{"line":11,"column":4},"end":{"line":16,"column":null}},"4":{"start":{"line":12,"column":8},"end":{"line":15,"column":11}},"5":{"start":{"line":18,"column":4},"end":{"line":21,"column":7}}},"fnMap":{"0":{"name":"(anonymous_0)","decl":{"start":{"line":10,"column":25},"end":{"line":10,"column":26}},"loc":{"start":{"line":10,"column":93},"end":{"line":22,"column":1}}}},"branchMap":{"0":{"loc":{"start":{"line":11,"column":4},"end":{"line":16,"column":null}},"type":"if","locations":[{"start":{"line":11,"column":4},"end":{"line":16,"column":null}},{"start":{"line":11,"column":4},"end":{"line":16,"column":null}}]}},"s":{"0":3,"1":3,"2":3,"3":4,"4":3,"5":4},"f":{"0":4},"b":{"0":[3,1]}}
,"D:\\project\\obvious\\src\\lib\\event-emitter.ts": {"path":"D:\\project\\obvious\\src\\lib\\event-emitter.ts","statementMap":{"0":{"start":{"line":7,"column":0},"end":{"line":7,"column":13}},"1":{"start":{"line":9,"column":12},"end":{"line":13,"column":null}},"2":{"start":{"line":15,"column":11},"end":{"line":18,"column":null}},"3":{"start":{"line":16,"column":8},"end":{"line":16,"column":54}},"4":{"start":{"line":17,"column":8},"end":{"line":17,"column":42}},"5":{"start":{"line":20,"column":11},"end":{"line":40,"column":null}},"6":{"start":{"line":21,"column":34},"end":{"line":21,"column":52}},"7":{"start":{"line":22,"column":8},"end":{"line":39,"column":null}},"8":{"start":{"line":23,"column":30},"end":{"line":23,"column":32}},"9":{"start":{"line":24,"column":12},"end":{"line":29,"column":null}},"10":{"start":{"line":24,"column":24},"end":{"line":24,"column":25}},"11":{"start":{"line":25,"column":16},"end":{"line":28,"column":null}},"12":{"start":{"line":26,"column":20},"end":{"line":26,"column":36}},"13":{"start":{"line":27,"column":20},"end":{"line":27,"column":26}},"14":{"start":{"line":30,"column":12},"end":{"line":35,"column":null}},"15":{"start":{"line":31,"column":16},"end":{"line":31,"column":57}},"16":{"start":{"line":33,"column":28},"end":{"line":33,"column":132}},"17":{"start":{"line":34,"column":16},"end":{"line":34,"column":37}},"18":{"start":{"line":37,"column":24},"end":{"line":37,"column":135}},"19":{"start":{"line":38,"column":12},"end":{"line":38,"column":33}},"20":{"start":{"line":42,"column":11},"end":{"line":51,"column":null}},"21":{"start":{"line":42,"column":31},"end":{"line":42,"column":45}},"22":{"start":{"line":43,"column":34},"end":{"line":43,"column":52}},"23":{"start":{"line":44,"column":8},"end":{"line":50,"column":null}},"24":{"start":{"line":45,"column":12},"end":{"line":47,"column":15}},"25":{"start":{"line":46,"column":16},"end":{"line":46,"column":28}},"26":{"start":{"line":49,"column":12},"end":{"line":49,"column":110}},"27":{"start":{"line":52,"column":0},"end":{"line":52,"column":null}},"28":{"start":{"line":7,"column":13},"end":{"line":7,"column":25}}},"fnMap":{"0":{"name":"(anonymous_0)","decl":{"start":{"line":7,"column":0},"end":{"line":7,"column":13}},"loc":{"start":{"line":7,"column":0},"end":{"line":52,"column":null}}},"1":{"name":"(anonymous_2)","decl":{"start":{"line":10,"column":27},"end":{"line":10,"column":null}},"loc":{"start":{"line":10,"column":27},"end":{"line":12,"column":9}}},"2":{"name":"(anonymous_3)","decl":{"start":{"line":15,"column":4},"end":{"line":15,"column":11}},"loc":{"start":{"line":15,"column":65},"end":{"line":18,"column":5}}},"3":{"name":"(anonymous_4)","decl":{"start":{"line":20,"column":4},"end":{"line":20,"column":11}},"loc":{"start":{"line":20,"column":68},"end":{"line":40,"column":5}}},"4":{"name":"(anonymous_5)","decl":{"start":{"line":42,"column":4},"end":{"line":42,"column":11}},"loc":{"start":{"line":42,"column":29},"end":{"line":51,"column":5}}},"5":{"name":"(anonymous_6)","decl":{"start":{"line":45,"column":38},"end":{"line":45,"column":39}},"loc":{"start":{"line":45,"column":41},"end":{"line":47,"column":13}}}},"branchMap":{"0":{"loc":{"start":{"line":16,"column":29},"end":{"line":16,"column":47}},"type":"binary-expr","locations":[{"start":{"line":16,"column":29},"end":{"line":16,"column":47}},{"start":{"line":16,"column":51},"end":{"line":16,"column":53}}]},"1":{"loc":{"start":{"line":22,"column":8},"end":{"line":39,"column":null}},"type":"if","locations":[{"start":{"line":22,"column":8},"end":{"line":39,"column":null}},{"start":{"line":22,"column":8},"end":{"line":39,"column":null}}]},"2":{"loc":{"start":{"line":25,"column":16},"end":{"line":28,"column":null}},"type":"if","locations":[{"start":{"line":25,"column":16},"end":{"line":28,"column":null}},{"start":{"line":25,"column":16},"end":{"line":28,"column":null}}]},"3":{"loc":{"start":{"line":30,"column":12},"end":{"line":35,"column":null}},"type":"if","locations":[{"start":{"line":30,"column":12},"end":{"line":35,"column":null}},{"start":{"line":30,"column":12},"end":{"line":35,"column":null}}]},"4":{"loc":{"start":{"line":44,"column":8},"end":{"line":50,"column":null}},"type":"if","locations":[{"start":{"line":44,"column":8},"end":{"line":50,"column":null}},{"start":{"line":44,"column":8},"end":{"line":50,"column":null}}]},"5":{"loc":{"start":{"line":44,"column":11},"end":{"line":44,"column":28}},"type":"binary-expr","locations":[{"start":{"line":44,"column":11},"end":{"line":44,"column":28}},{"start":{"line":44,"column":32},"end":{"line":44,"column":62}}]}},"s":{"0":5,"1":6,"2":5,"3":11,"4":11,"5":5,"6":6,"7":6,"8":5,"9":5,"10":5,"11":6,"12":4,"13":4,"14":5,"15":4,"16":1,"17":1,"18":1,"19":1,"20":5,"21":40,"22":13,"23":13,"24":11,"25":13,"26":2,"27":5,"28":5},"f":{"0":11,"1":6,"2":11,"3":6,"4":13,"5":13},"b":{"0":[11,8],"1":[5,1],"2":[4,2],"3":[4,1],"4":[11,2],"5":[13,13]}}
,"D:\\project\\obvious\\src\\lib\\socket.ts": {"path":"D:\\project\\obvious\\src\\lib\\socket.ts","statementMap":{"0":{"start":{"line":3,"column":0},"end":{"line":3,"column":41}},"1":{"start":{"line":5,"column":0},"end":{"line":5,"column":13}},"2":{"start":{"line":12,"column":8},"end":{"line":12,"column":41}},"3":{"start":{"line":13,"column":8},"end":{"line":13,"column":25}},"4":{"start":{"line":14,"column":8},"end":{"line":14,"column":29}},"5":{"start":{"line":22,"column":4},"end":{"line":24,"column":null}},"6":{"start":{"line":23,"column":8},"end":{"line":23,"column":64}},"7":{"start":{"line":31,"column":4},"end":{"line":33,"column":null}},"8":{"start":{"line":32,"column":8},"end":{"line":32,"column":67}},"9":{"start":{"line":40,"column":4},"end":{"line":42,"column":null}},"10":{"start":{"line":40,"column":28},"end":{"line":40,"column":42}},"11":{"start":{"line":41,"column":8},"end":{"line":41,"column":51}},"12":{"start":{"line":50,"column":4},"end":{"line":67,"column":null}},"13":{"start":{"line":50,"column":39},"end":{"line":50,"column":null}},"14":{"start":{"line":51,"column":8},"end":{"line":66,"column":null}},"15":{"start":{"line":52,"column":24},"end":{"line":52,"column":100}},"16":{"start":{"line":53,"column":12},"end":{"line":53,"column":34}},"17":{"start":{"line":54,"column":15},"end":{"line":66,"column":null}},"18":{"start":{"line":55,"column":24},"end":{"line":55,"column":117}},"19":{"start":{"line":56,"column":12},"end":{"line":56,"column":34}},"20":{"start":{"line":58,"column":12},"end":{"line":61,"column":14}},"21":{"start":{"line":62,"column":12},"end":{"line":64,"column":15}},"22":{"start":{"line":65,"column":12},"end":{"line":65,"column":45}},"23":{"start":{"line":73,"column":4},"end":{"line":77,"column":null}},"24":{"start":{"line":74,"column":28},"end":{"line":74,"column":55}},"25":{"start":{"line":75,"column":28},"end":{"line":75,"column":39}},"26":{"start":{"line":76,"column":8},"end":{"line":76,"column":38}},"27":{"start":{"line":84,"column":4},"end":{"line":97,"column":null}},"28":{"start":{"line":85,"column":8},"end":{"line":88,"column":null}},"29":{"start":{"line":86,"column":24},"end":{"line":86,"column":116}},"30":{"start":{"line":87,"column":12},"end":{"line":87,"column":33}},"31":{"start":{"line":89,"column":27},"end":{"line":89,"column":55}},"32":{"start":{"line":90,"column":8},"end":{"line":93,"column":null}},"33":{"start":{"line":91,"column":24},"end":{"line":91,"column":99}},"34":{"start":{"line":92,"column":12},"end":{"line":92,"column":33}},"35":{"start":{"line":94,"column":25},"end":{"line":94,"column":53}},"36":{"start":{"line":95,"column":8},"end":{"line":95,"column":48}},"37":{"start":{"line":96,"column":8},"end":{"line":96,"column":68}},"38":{"start":{"line":104,"column":4},"end":{"line":110,"column":null}},"39":{"start":{"line":105,"column":8},"end":{"line":108,"column":null}},"40":{"start":{"line":106,"column":24},"end":{"line":106,"column":118}},"41":{"start":{"line":107,"column":12},"end":{"line":107,"column":33}},"42":{"start":{"line":109,"column":8},"end":{"line":109,"column":83}},"43":{"start":{"line":117,"column":4},"end":{"line":123,"column":null}},"44":{"start":{"line":118,"column":8},"end":{"line":121,"column":null}},"45":{"start":{"line":119,"column":24},"end":{"line":119,"column":120}},"46":{"start":{"line":120,"column":12},"end":{"line":120,"column":33}},"47":{"start":{"line":122,"column":8},"end":{"line":122,"column":86}},"48":{"start":{"line":124,"column":0},"end":{"line":124,"column":null}},"49":{"start":{"line":5,"column":13},"end":{"line":5,"column":19}}},"fnMap":{"0":{"name":"(anonymous_0)","decl":{"start":{"line":5,"column":0},"end":{"line":5,"column":13}},"loc":{"start":{"line":5,"column":0},"end":{"line":124,"column":null}}},"1":{"name":"Socket","decl":{"start":{"line":11,"column":4},"end":{"line":11,"column":16}},"loc":{"start":{"line":11,"column":72},"end":{"line":15,"column":5}}},"2":{"name":"(anonymous_2)","decl":{"start":{"line":22,"column":4},"end":{"line":22,"column":6}},"loc":{"start":{"line":22,"column":48},"end":{"line":24,"column":5}}},"3":{"name":"(anonymous_3)","decl":{"start":{"line":31,"column":4},"end":{"line":31,"column":7}},"loc":{"start":{"line":31,"column":49},"end":{"line":33,"column":5}}},"4":{"name":"(anonymous_4)","decl":{"start":{"line":40,"column":4},"end":{"line":40,"column":8}},"loc":{"start":{"line":40,"column":26},"end":{"line":42,"column":5}}},"5":{"name":"(anonymous_5)","decl":{"start":{"line":50,"column":4},"end":{"line":50,"column":13}},"loc":{"start":{"line":50,"column":65},"end":{"line":67,"column":5}}},"6":{"name":"(anonymous_6)","decl":{"start":{"line":62,"column":44},"end":{"line":62,"column":null}},"loc":{"start":{"line":62,"column":44},"end":{"line":64,"column":13}}},"7":{"name":"(anonymous_7)","decl":{"start":{"line":73,"column":4},"end":{"line":73,"column":12}},"loc":{"start":{"line":73,"column":30},"end":{"line":77,"column":5}}},"8":{"name":"(anonymous_8)","decl":{"start":{"line":84,"column":4},"end":{"line":84,"column":12}},"loc":{"start":{"line":84,"column":45},"end":{"line":97,"column":5}}},"9":{"name":"(anonymous_9)","decl":{"start":{"line":104,"column":4},"end":{"line":104,"column":14}},"loc":{"start":{"line":104,"column":83},"end":{"line":110,"column":5}}},"10":{"name":"(anonymous_10)","decl":{"start":{"line":117,"column":4},"end":{"line":117,"column":16}},"loc":{"start":{"line":117,"column":84},"end":{"line":123,"column":5}}}},"branchMap":{"0":{"loc":{"start":{"line":50,"column":39},"end":{"line":50,"column":null}},"type":"if","locations":[{"start":{"line":50,"column":39},"end":{"line":50,"column":null}},{"start":{"line":50,"column":39},"end":{"line":50,"column":null}}]},"1":{"loc":{"start":{"line":51,"column":8},"end":{"line":66,"column":null}},"type":"if","locations":[{"start":{"line":51,"column":8},"end":{"line":66,"column":null}},{"start":{"line":51,"column":8},"end":{"line":66,"column":null}}]},"2":{"loc":{"start":{"line":54,"column":15},"end":{"line":66,"column":null}},"type":"if","locations":[{"start":{"line":54,"column":15},"end":{"line":66,"column":null}},{"start":{"line":54,"column":15},"end":{"line":66,"column":null}}]},"3":{"loc":{"start":{"line":60,"column":35},"end":{"line":60,"column":39}},"type":"cond-expr","locations":[{"start":{"line":60,"column":35},"end":{"line":60,"column":39}},{"start":{"line":60,"column":42},"end":{"line":60,"column":46}}]},"4":{"loc":{"start":{"line":85,"column":8},"end":{"line":88,"column":null}},"type":"if","locations":[{"start":{"line":85,"column":8},"end":{"line":88,"column":null}},{"start":{"line":85,"column":8},"end":{"line":88,"column":null}}]},"5":{"loc":{"start":{"line":90,"column":8},"end":{"line":93,"column":null}},"type":"if","locations":[{"start":{"line":90,"column":8},"end":{"line":93,"column":null}},{"start":{"line":90,"column":8},"end":{"line":93,"column":null}}]},"6":{"loc":{"start":{"line":90,"column":12},"end":{"line":90,"column":31}},"type":"binary-expr","locations":[{"start":{"line":90,"column":12},"end":{"line":90,"column":31}},{"start":{"line":90,"column":35},"end":{"line":90,"column":54}}]},"7":{"loc":{"start":{"line":105,"column":8},"end":{"line":108,"column":null}},"type":"if","locations":[{"start":{"line":105,"column":8},"end":{"line":108,"column":null}},{"start":{"line":105,"column":8},"end":{"line":108,"column":null}}]},"8":{"loc":{"start":{"line":118,"column":8},"end":{"line":121,"column":null}},"type":"if","locations":[{"start":{"line":118,"column":8},"end":{"line":121,"column":null}},{"start":{"line":118,"column":8},"end":{"line":121,"column":null}}]}},"s":{"0":4,"1":4,"2":10,"3":10,"4":10,"5":4,"6":7,"7":4,"8":1,"9":4,"10":35,"11":11,"12":4,"13":15,"14":8,"15":1,"16":1,"17":7,"18":1,"19":1,"20":6,"21":6,"22":6,"23":4,"24":6,"25":6,"26":6,"27":4,"28":5,"29":1,"30":1,"31":4,"32":4,"33":1,"34":1,"35":3,"36":3,"37":3,"38":4,"39":2,"40":1,"41":1,"42":1,"43":4,"44":2,"45":1,"46":1,"47":1,"48":4,"49":4},"f":{"0":4,"1":10,"2":7,"3":1,"4":11,"5":8,"6":3,"7":6,"8":5,"9":2,"10":2},"b":{"0":[7,1],"1":[1,7],"2":[1,6],"3":[1,5],"4":[1,4],"5":[1,3],"6":[4,3],"7":[1,1],"8":[1,1]}}
,"D:\\project\\obvious\\src\\lib\\utils.ts": {"path":"D:\\project\\obvious\\src\\lib\\utils.ts","statementMap":{"0":{"start":{"line":1,"column":13},"end":{"line":7,"column":2}},"1":{"start":{"line":2,"column":24},"end":{"line":2,"column":26}},"2":{"start":{"line":3,"column":4},"end":{"line":5,"column":7}},"3":{"start":{"line":4,"column":8},"end":{"line":4,"column":44}},"4":{"start":{"line":6,"column":4},"end":{"line":6,"column":51}}},"fnMap":{"0":{"name":"(anonymous_0)","decl":{"start":{"line":1,"column":30},"end":{"line":1,"column":31}},"loc":{"start":{"line":1,"column":44},"end":{"line":7,"column":1}}},"1":{"name":"(anonymous_1)","decl":{"start":{"line":3,"column":31},"end":{"line":3,"column":32}},"loc":{"start":{"line":3,"column":35},"end":{"line":5,"column":5}}}},"branchMap":{},"s":{"0":4,"1":7,"2":7,"3":15,"4":7},"f":{"0":7,"1":15},"b":{}}
}
