TN:
SF:D:\project\obvious\src\lib\bus.ts
FN:14,(anonymous_0)
FN:24,Bus
FN:29,(anonymous_2)
FN:35,(anonymous_3)
FN:44,(anonymous_4)
FN:50,(anonymous_7)
FN:58,(anonymous_8)
FN:62,(anonymous_11)
FN:70,(anonymous_12)
FN:70,(anonymous_13)
FN:87,(anonymous_15)
FN:93,(anonymous_16)
FN:102,(anonymous_17)
FN:108,(anonymous_18)
FN:125,(anonymous_19)
FNF:15
FNH:8
FNDA:3,(anonymous_0)
FNDA:3,Bus
FNDA:1,(anonymous_2)
FNDA:10,(anonymous_3)
FNDA:0,(anonymous_4)
FNDA:0,(anonymous_7)
FNDA:0,(anonymous_8)
FNDA:0,(anonymous_11)
FNDA:0,(anonymous_12)
FNDA:0,(anonymous_13)
FNDA:10,(anonymous_15)
FNDA:8,(anonymous_16)
FNDA:1,(anonymous_17)
FNDA:1,(anonymous_18)
FNDA:0,(anonymous_19)
DA:1,3
DA:2,3
DA:3,3
DA:14,3
DA:16,3
DA:17,3
DA:19,3
DA:20,3
DA:24,6
DA:25,3
DA:26,3
DA:27,3
DA:30,1
DA:35,3
DA:36,11
DA:37,11
DA:38,1
DA:41,9
DA:44,3
DA:45,0
DA:46,0
DA:47,0
DA:50,3
DA:51,0
DA:52,0
DA:53,0
DA:54,0
DA:55,0
DA:58,3
DA:59,0
DA:60,0
DA:62,0
DA:63,0
DA:64,0
DA:66,0
DA:70,0
DA:71,0
DA:72,0
DA:74,0
DA:78,0
DA:87,10
DA:88,10
DA:89,1
DA:93,9
DA:94,8
DA:97,9
DA:98,7
DA:99,7
DA:100,7
DA:102,2
DA:103,1
DA:104,1
DA:106,1
DA:108,2
DA:109,1
DA:110,1
DA:111,1
DA:113,1
DA:114,1
DA:115,1
DA:116,1
DA:117,1
DA:118,1
DA:121,2
DA:125,3
DA:126,0
DA:127,0
DA:129,0
DA:131,0
DA:132,0
DA:134,0
DA:137,0
DA:138,0
DA:142,3
LF:74
LH:47
BRDA:24,0,0,3
BRDA:24,0,1,0
BRDA:37,1,0,1
BRDA:37,1,1,10
BRDA:45,2,0,0
BRDA:60,3,0,0
BRDA:60,3,1,0
BRDA:63,4,0,0
BRDA:63,4,1,0
BRDA:71,5,0,0
BRDA:71,5,1,0
BRDA:88,6,0,1
BRDA:88,6,1,9
BRDA:97,7,0,7
BRDA:97,7,1,2
BRDA:107,8,0,2
BRDA:107,8,1,0
BRDA:110,9,0,1
BRDA:110,9,1,0
BRDA:113,10,0,1
BRDA:113,10,1,0
BRDA:125,11,0,0
BRDA:125,11,1,0
BRDA:134,12,0,0
BRDA:126,13,0,0
BRDA:126,13,1,0
BRDA:127,14,0,0
BRDA:127,14,1,0
BRDA:131,15,0,0
BRDA:131,15,1,0
BRF:30
BRH:10
end_of_record
TN:
SF:D:\project\obvious\src\lib\event-emitter.ts
FN:7,(anonymous_0)
FN:10,(anonymous_2)
FN:15,(anonymous_3)
FN:20,(anonymous_4)
FN:42,(anonymous_5)
FN:45,(anonymous_6)
FNF:6
FNH:6
FNDA:8,(anonymous_0)
FNDA:6,(anonymous_2)
FNDA:11,(anonymous_3)
FNDA:6,(anonymous_4)
FNDA:13,(anonymous_5)
FNDA:13,(anonymous_6)
DA:7,4
DA:9,4
DA:15,4
DA:16,11
DA:17,11
DA:20,4
DA:21,6
DA:22,6
DA:23,5
DA:24,5
DA:25,6
DA:26,4
DA:27,4
DA:30,5
DA:31,4
DA:33,1
DA:34,1
DA:37,1
DA:38,1
DA:42,40
DA:43,13
DA:44,13
DA:45,11
DA:46,13
DA:49,2
DA:52,4
LF:26
LH:26
BRDA:16,0,0,11
BRDA:16,0,1,8
BRDA:22,1,0,5
BRDA:22,1,1,1
BRDA:25,2,0,4
BRDA:25,2,1,2
BRDA:30,3,0,4
BRDA:30,3,1,1
BRDA:44,4,0,11
BRDA:44,4,1,2
BRDA:44,5,0,13
BRDA:44,5,1,13
BRF:12
BRH:12
end_of_record
TN:
SF:D:\project\obvious\src\lib\socket.ts
FN:5,(anonymous_0)
FN:11,Socket
FN:17,(anonymous_2)
FN:21,(anonymous_3)
FN:25,(anonymous_4)
FN:29,(anonymous_5)
FN:41,(anonymous_6)
FN:48,(anonymous_7)
FN:54,(anonymous_8)
FN:69,(anonymous_9)
FN:77,(anonymous_10)
FNF:11
FNH:11
FNDA:3,(anonymous_0)
FNDA:8,Socket
FNDA:7,(anonymous_2)
FNDA:1,(anonymous_3)
FNDA:11,(anonymous_4)
FNDA:8,(anonymous_5)
FNDA:3,(anonymous_6)
FNDA:6,(anonymous_7)
FNDA:5,(anonymous_8)
FNDA:2,(anonymous_9)
FNDA:2,(anonymous_10)
DA:3,3
DA:5,3
DA:12,8
DA:13,8
DA:14,8
DA:17,3
DA:18,7
DA:21,3
DA:22,1
DA:25,35
DA:26,11
DA:29,15
DA:30,8
DA:31,1
DA:32,1
DA:33,7
DA:34,1
DA:35,1
DA:37,6
DA:41,6
DA:44,6
DA:48,3
DA:49,6
DA:50,6
DA:51,6
DA:54,3
DA:55,5
DA:56,1
DA:57,1
DA:59,4
DA:60,4
DA:61,1
DA:62,1
DA:64,3
DA:65,3
DA:66,3
DA:69,3
DA:70,2
DA:71,1
DA:72,1
DA:74,1
DA:77,3
DA:78,2
DA:79,1
DA:80,1
DA:82,1
DA:84,3
LF:47
LH:47
BRDA:29,0,0,7
BRDA:29,0,1,1
BRDA:30,1,0,1
BRDA:30,1,1,7
BRDA:33,2,0,1
BRDA:33,2,1,6
BRDA:39,3,0,1
BRDA:39,3,1,5
BRDA:55,4,0,1
BRDA:55,4,1,4
BRDA:60,5,0,1
BRDA:60,5,1,3
BRDA:60,6,0,4
BRDA:60,6,1,3
BRDA:70,7,0,1
BRDA:70,7,1,1
BRDA:78,8,0,1
BRDA:78,8,1,1
BRF:18
BRH:18
end_of_record
TN:
SF:D:\project\obvious\src\lib\utils.ts
FN:1,(anonymous_0)
FN:3,(anonymous_1)
FNF:2
FNH:2
FNDA:7,(anonymous_0)
FNDA:15,(anonymous_1)
DA:1,3
DA:2,7
DA:3,7
DA:4,15
DA:6,7
LF:5
LH:5
BRF:0
BRH:0
end_of_record
