TN:
SF:D:\project\obvious\src\index.ts
FNF:0
FNH:0
DA:1,3
DA:2,3
DA:3,3
LF:3
LH:3
BRF:0
BRH:0
end_of_record
TN:
SF:D:\project\obvious\src\lib\bus.ts
FN:18,(anonymous_0)
FN:28,Bus
FN:32,(anonymous_2)
FN:33,(anonymous_3)
FN:39,(anonymous_4)
FN:43,(anonymous_5)
FN:49,(anonymous_8)
FN:57,(anonymous_9)
FN:61,(anonymous_12)
FN:88,(anonymous_13)
FN:102,(anonymous_14)
FN:108,(anonymous_15)
FN:117,(anonymous_16)
FN:122,(anonymous_17)
FN:144,(anonymous_18)
FNF:15
FNH:15
FNDA:4,(anonymous_0)
FNDA:5,Bus
FNDA:1,(anonymous_2)
FNDA:1,(anonymous_3)
FNDA:16,(anonymous_4)
FNDA:2,(anonymous_5)
FNDA:2,(anonymous_8)
FNDA:1,(anonymous_9)
FNDA:1,(anonymous_12)
FNDA:2,(anonymous_13)
FNDA:12,(anonymous_14)
FNDA:8,(anonymous_15)
FNDA:1,(anonymous_16)
FNDA:1,(anonymous_17)
FNDA:2,(anonymous_18)
DA:1,4
DA:2,4
DA:3,4
DA:18,4
DA:20,5
DA:21,5
DA:23,5
DA:24,5
DA:28,8
DA:29,5
DA:30,5
DA:31,5
DA:32,1
DA:34,1
DA:39,4
DA:40,16
DA:43,4
DA:44,2
DA:45,2
DA:46,2
DA:49,4
DA:50,2
DA:51,2
DA:52,2
DA:53,2
DA:54,2
DA:57,4
DA:58,1
DA:59,1
DA:61,1
DA:62,1
DA:63,1
DA:65,0
DA:69,1
DA:70,3
DA:71,1
DA:72,2
DA:74,0
DA:79,0
DA:88,4
DA:89,2
DA:90,2
DA:92,0
DA:102,22
DA:103,12
DA:104,1
DA:108,11
DA:109,8
DA:112,11
DA:113,9
DA:114,9
DA:115,9
DA:117,2
DA:118,1
DA:119,1
DA:120,1
DA:122,2
DA:123,1
DA:124,1
DA:125,1
DA:127,1
DA:128,1
DA:129,1
DA:130,1
DA:131,1
DA:132,1
DA:135,2
DA:144,4
DA:145,4
DA:146,0
DA:148,2
DA:150,3
DA:151,2
DA:153,2
DA:156,0
DA:157,0
DA:161,4
LF:77
LH:70
BRDA:28,0,0,3
BRDA:28,0,1,2
BRDA:44,1,0,2
BRDA:79,2,0,0
BRDA:59,3,0,0
BRDA:59,3,1,1
BRDA:61,4,0,1
BRDA:61,4,1,1
BRDA:62,5,0,1
BRDA:62,5,1,0
BRDA:69,6,0,0
BRDA:69,6,1,1
BRDA:70,7,0,1
BRDA:70,7,1,1
BRDA:71,8,0,0
BRDA:71,8,1,1
BRDA:89,9,0,2
BRDA:89,9,1,0
BRDA:102,10,0,10
BRDA:102,10,1,2
BRDA:103,11,0,1
BRDA:103,11,1,11
BRDA:112,12,0,9
BRDA:112,12,1,2
BRDA:124,13,0,1
BRDA:124,13,1,0
BRDA:127,14,0,1
BRDA:127,14,1,0
BRDA:144,15,0,0
BRDA:144,15,1,2
BRDA:153,16,0,1
BRDA:145,17,0,2
BRDA:145,17,1,0
BRDA:146,18,0,0
BRDA:146,18,1,0
BRDA:150,19,0,1
BRDA:150,19,1,1
BRF:37
BRH:25
end_of_record
TN:
SF:D:\project\obvious\src\lib\createBus.ts
FN:10,(anonymous_0)
FNF:1
FNH:1
FNDA:4,(anonymous_0)
DA:1,3
DA:9,3
DA:10,3
DA:11,4
DA:12,3
DA:18,4
LF:6
LH:6
BRDA:11,0,0,3
BRDA:11,0,1,1
BRF:2
BRH:2
end_of_record
TN:
SF:D:\project\obvious\src\lib\event-emitter.ts
FN:7,(anonymous_0)
FN:10,(anonymous_2)
FN:15,(anonymous_3)
FN:20,(anonymous_4)
FN:42,(anonymous_5)
FN:45,(anonymous_6)
FNF:6
FNH:6
FNDA:11,(anonymous_0)
FNDA:6,(anonymous_2)
FNDA:11,(anonymous_3)
FNDA:6,(anonymous_4)
FNDA:13,(anonymous_5)
FNDA:13,(anonymous_6)
DA:7,5
DA:9,6
DA:15,5
DA:16,11
DA:17,11
DA:20,5
DA:21,6
DA:22,6
DA:23,5
DA:24,5
DA:25,6
DA:26,4
DA:27,4
DA:30,5
DA:31,4
DA:33,1
DA:34,1
DA:37,1
DA:38,1
DA:42,40
DA:43,13
DA:44,13
DA:45,11
DA:46,13
DA:49,2
DA:52,5
LF:26
LH:26
BRDA:16,0,0,11
BRDA:16,0,1,8
BRDA:22,1,0,5
BRDA:22,1,1,1
BRDA:25,2,0,4
BRDA:25,2,1,2
BRDA:30,3,0,4
BRDA:30,3,1,1
BRDA:44,4,0,11
BRDA:44,4,1,2
BRDA:44,5,0,13
BRDA:44,5,1,13
BRF:12
BRH:12
end_of_record
TN:
SF:D:\project\obvious\src\lib\socket.ts
FN:5,(anonymous_0)
FN:11,Socket
FN:22,(anonymous_2)
FN:31,(anonymous_3)
FN:40,(anonymous_4)
FN:50,(anonymous_5)
FN:62,(anonymous_6)
FN:73,(anonymous_7)
FN:84,(anonymous_8)
FN:104,(anonymous_9)
FN:117,(anonymous_10)
FNF:11
FNH:11
FNDA:4,(anonymous_0)
FNDA:10,Socket
FNDA:7,(anonymous_2)
FNDA:1,(anonymous_3)
FNDA:11,(anonymous_4)
FNDA:8,(anonymous_5)
FNDA:3,(anonymous_6)
FNDA:6,(anonymous_7)
FNDA:5,(anonymous_8)
FNDA:2,(anonymous_9)
FNDA:2,(anonymous_10)
DA:3,4
DA:5,4
DA:12,10
DA:13,10
DA:14,10
DA:22,4
DA:23,7
DA:31,4
DA:32,1
DA:40,35
DA:41,11
DA:50,15
DA:51,8
DA:52,1
DA:53,1
DA:54,7
DA:55,1
DA:56,1
DA:58,6
DA:62,6
DA:65,6
DA:73,4
DA:74,6
DA:75,6
DA:76,6
DA:84,4
DA:85,5
DA:86,1
DA:87,1
DA:89,4
DA:90,4
DA:91,1
DA:92,1
DA:94,3
DA:95,3
DA:96,3
DA:104,4
DA:105,2
DA:106,1
DA:107,1
DA:109,1
DA:117,4
DA:118,2
DA:119,1
DA:120,1
DA:122,1
DA:124,4
LF:47
LH:47
BRDA:50,0,0,7
BRDA:50,0,1,1
BRDA:51,1,0,1
BRDA:51,1,1,7
BRDA:54,2,0,1
BRDA:54,2,1,6
BRDA:60,3,0,1
BRDA:60,3,1,5
BRDA:85,4,0,1
BRDA:85,4,1,4
BRDA:90,5,0,1
BRDA:90,5,1,3
BRDA:90,6,0,4
BRDA:90,6,1,3
BRDA:105,7,0,1
BRDA:105,7,1,1
BRDA:118,8,0,1
BRDA:118,8,1,1
BRF:18
BRH:18
end_of_record
TN:
SF:D:\project\obvious\src\lib\utils.ts
FN:1,(anonymous_0)
FN:3,(anonymous_1)
FNF:2
FNH:2
FNDA:7,(anonymous_0)
FNDA:15,(anonymous_1)
DA:1,4
DA:2,7
DA:3,7
DA:4,15
DA:6,7
LF:5
LH:5
BRF:0
BRH:0
end_of_record
